#
# A fatal error has been detected by the Java Runtime Environment:
#
#  Internal Error (javaClasses.cpp:136), pid=5952, tid=2944
#  fatal error: Invalid layout of preloaded class
#
# JRE version:  (7.0_79-b15) (build )
# Java VM: Java HotSpot(TM) Client VM (24.79-b02 mixed mode windows-x86 )
# Failed to write core dump. Minidumps are not enabled by default on client versions of Windows
#
# If you would like to submit a bug report, please visit:
#   http://bugreport.java.com/bugreport/crash.jsp
#

---------------  T H R E A D  ---------------

Current thread (0x00a9bc00):  JavaThread "Unknown thread" [_thread_in_vm, id=2944, stack(0x009f0000,0x00a40000)]

Stack: [0x009f0000,0x00a40000],  sp=0x00a3f3a4,  free space=316k
Native frames: (J=compiled Java code, j=interpreted, Vv=VM code, C=native code)
V  [jvm.dll+0x191db4]
V  [jvm.dll+0x18b436]
V  [jvm.dll+0x35d20]
V  [jvm.dll+0x35da6]
V  [jvm.dll+0x4468d]
V  [jvm.dll+0x4494e]
V  [jvm.dll+0x9397a]
V  [jvm.dll+0x93d2b]
V  [jvm.dll+0x140c91]
V  [jvm.dll+0x1638bc]
V  [jvm.dll+0xca8bf]
C  [javaw.exe+0x13ce]
C  [javaw.exe+0x1e40]
C  [javaw.exe+0xa601]
C  [javaw.exe+0xa68b]
C  [KERNEL32.DLL+0x18e94]
C  [ntdll.dll+0x5e972]
C  [ntdll.dll+0x5e941]


---------------  P R O C E S S  ---------------

Java Threads: ( => current thread )

Other Threads:

=>0x00a9bc00 (exited) JavaThread "Unknown thread" [_thread_in_vm, id=2944, stack(0x009f0000,0x00a40000)]

VM state:not at safepoint (not fully initialized)

VM Mutex/Monitor currently owned by a thread: None

GC Heap History (0 events):
No events

Deoptimization events (0 events):
No events

Internal exceptions (0 events):
No events

Events (10 events):
Event: 0.010 loading class 0x00b2aea0 done
Event: 0.010 loading class 0x00b2a910 done
Event: 0.010 loading class 0x00b2a8f0
Event: 0.010 loading class 0x00b31c80
Event: 0.010 loading class 0x00b31c80 done
Event: 0.010 loading class 0x00b31cb0
Event: 0.010 loading class 0x00b31cb0 done
Event: 0.010 loading class 0x00b31ce0
Event: 0.010 loading class 0x00b31ce0 done
Event: 0.010 loading class 0x00b2a8f0 done


Dynamic libraries:
0x00f40000 - 0x00f6f000 	C:\Program Files\Java\jdk1.7.0_79\bin\javaw.exe
0x776d0000 - 0x77855000 	C:\WINDOWS\SYSTEM32\ntdll.dll
0x75ad0000 - 0x75b66000 	C:\WINDOWS\System32\KERNEL32.DLL
0x74c00000 - 0x74da6000 	C:\WINDOWS\System32\KERNELBASE.dll
0x76070000 - 0x760e7000 	C:\WINDOWS\System32\ADVAPI32.dll
0x75d60000 - 0x75e1e000 	C:\WINDOWS\System32\msvcrt.dll
0x759a0000 - 0x759e1000 	C:\WINDOWS\System32\sechost.dll
0x759f0000 - 0x75ab3000 	C:\WINDOWS\System32\RPCRT4.dll
0x75c10000 - 0x75d59000 	C:\WINDOWS\System32\USER32.dll
0x74f10000 - 0x74f29000 	C:\WINDOWS\System32\win32u.dll
0x754b0000 - 0x754db000 	C:\WINDOWS\System32\GDI32.dll
0x74db0000 - 0x74f0a000 	C:\WINDOWS\System32\gdi32full.dll
0x73130000 - 0x7333a000 	C:\WINDOWS\WinSxS\x86_microsoft.windows.common-controls_6595b64144ccf1df_6.0.14393.0_none_74bc87d3d22d9abe\COMCTL32.dll
0x754e0000 - 0x756f1000 	C:\WINDOWS\System32\combase.dll
0x747d0000 - 0x748b0000 	C:\WINDOWS\System32\ucrtbase.dll
0x74950000 - 0x749aa000 	C:\WINDOWS\System32\bcryptPrimitives.dll
0x753e0000 - 0x75406000 	C:\WINDOWS\System32\IMM32.DLL
0x56d60000 - 0x56e1f000 	C:\Program Files\Java\jdk1.7.0_79\jre\bin\msvcr100.dll
0x6ded0000 - 0x6e259000 	C:\Program Files\Java\jdk1.7.0_79\jre\bin\client\jvm.dll
0x760f0000 - 0x760f6000 	C:\WINDOWS\System32\PSAPI.DLL
0x724e0000 - 0x72504000 	C:\WINDOWS\SYSTEM32\WINMM.dll
0x6dda0000 - 0x6dda8000 	C:\WINDOWS\SYSTEM32\WSOCK32.dll
0x761f0000 - 0x76253000 	C:\WINDOWS\System32\WS2_32.dll
0x72490000 - 0x724b3000 	C:\WINDOWS\SYSTEM32\WINMMBASE.dll
0x74f30000 - 0x74f66000 	C:\WINDOWS\System32\cfgmgr32.dll
0x66a80000 - 0x66a8c000 	C:\Program Files\Java\jdk1.7.0_79\jre\bin\verify.dll
0x59100000 - 0x59120000 	C:\Program Files\Java\jdk1.7.0_79\jre\bin\java.dll
0x58420000 - 0x58433000 	C:\Program Files\Java\jdk1.7.0_79\jre\bin\zip.dll
0x68350000 - 0x68495000 	C:\WINDOWS\SYSTEM32\dbghelp.dll

VM Arguments:
jvm_args: -Dfile.encoding=Cp1251 -Xbootclasspath:E:\Program\Android\android-sdk\platforms\android-15\android.jar 
java_command: com.example.digitalclock.gisFromSite
Launcher Type: SUN_STANDARD

Environment Variables:
PATH=C:/Program Files/Java/jre1.8.0_60/bin/client;C:/Program Files/Java/jre1.8.0_60/bin;C:/Program Files/Java/jre1.8.0_60/lib/i386;C:\ProgramData\Oracle\Java\javapath;C:\WINDOWS\system32;C:\WINDOWS;C:\WINDOWS\System32\Wbem;C:\WINDOWS\System32\WindowsPowerShell\v1.0\;C:\Program Files\ATI Technologies\ATI.ACE\Core-Static;c:\php\;C:\Program Files\TortoiseSVN\bin;C:\Program Files\GNU\GnuPG\pub;C:\Program Files\Microsoft SQL Server\120\Tools\Binn\;C:\Program Files\Windows Kits\10\Windows Performance Toolkit\;C:\Program Files\Liquid Technologies\Liquid XML 2015\XmlDataBinder13\Redist13\cpp\win32\bin;C:\ExtAuth;C:\Program Files\Java\jdk1.7.0_79\bin;C:\Program Files\Nmap;C:\Program Files\Java\jdk1.7.0_79\bin;USERPROFILE\AppData\Local\Microsoft\WindowsApps;;C:\eclipse;
USERNAME=¿‰Ï
OS=Windows_NT
PROCESSOR_IDENTIFIER=x86 Family 18 Model 1 Stepping 0, AuthenticAMD



---------------  S Y S T E M  ---------------

OS: Windows 8.1 Build 9600 

CPU:total 4 (4 cores per cpu, 1 threads per core) family 18 model 1 stepping 0, cmov, cx8, fxsr, mmx, sse, sse2, sse3, popcnt, mmxext, 3dnowpref, lzcnt, sse4a, tsc, tscinvbit, tscinv

Memory: 4k page, physical 3405044k(1038784k free), swap 6812916k(2944796k free)

vm_info: Java HotSpot(TM) Client VM (24.79-b02) for windows-x86 JRE (1.7.0_79-b15), built on Apr 10 2015 16:49:13 by "java_re" with unknown MS VC++:1600

time: Wed Nov 09 17:23:43 2016
elapsed time: 0 seconds

