#
# A fatal error has been detected by the Java Runtime Environment:
#
#  Internal Error (javaClasses.cpp:136), pid=5612, tid=4504
#  fatal error: Invalid layout of preloaded class
#
# JRE version:  (7.0_76-b13) (build )
# Java VM: Java HotSpot(TM) Client VM (24.76-b04 mixed mode windows-x86 )
# Failed to write core dump. Minidumps are not enabled by default on client versions of Windows
#
# If you would like to submit a bug report, please visit:
#   http://bugreport.java.com/bugreport/crash.jsp
#

---------------  T H R E A D  ---------------

Current thread (0x011fbc00):  JavaThread "Unknown thread" [_thread_in_vm, id=4504, stack(0x002a0000,0x002f0000)]

Stack: [0x002a0000,0x002f0000],  sp=0x002ef628,  free space=317k
Native frames: (J=compiled Java code, j=interpreted, Vv=VM code, C=native code)
V  [jvm.dll+0x191d64]
V  [jvm.dll+0x18b436]
V  [jvm.dll+0x35d20]
V  [jvm.dll+0x35da6]
V  [jvm.dll+0x4468d]
V  [jvm.dll+0x4494e]
V  [jvm.dll+0x9397a]
V  [jvm.dll+0x93d2b]
V  [jvm.dll+0x140c91]
V  [jvm.dll+0x1638bc]
V  [jvm.dll+0xca8bf]
C  [javaw.exe+0x13ce]
C  [javaw.exe+0x1e40]
C  [javaw.exe+0xa601]
C  [javaw.exe+0xa68b]
C  [kernel32.dll+0x4ed6c]
C  [ntdll.dll+0x637eb]
C  [ntdll.dll+0x637be]


---------------  P R O C E S S  ---------------

Java Threads: ( => current thread )

Other Threads:

=>0x011fbc00 (exited) JavaThread "Unknown thread" [_thread_in_vm, id=4504, stack(0x002a0000,0x002f0000)]

VM state:not at safepoint (not fully initialized)

VM Mutex/Monitor currently owned by a thread: None

GC Heap History (0 events):
No events

Deoptimization events (0 events):
No events

Internal exceptions (0 events):
No events

Events (10 events):
Event: 0.035 loading class 0x016a8d00 done
Event: 0.036 loading class 0x016a8770 done
Event: 0.036 loading class 0x016a8750
Event: 0.036 loading class 0x016afae0
Event: 0.037 loading class 0x016afae0 done
Event: 0.037 loading class 0x016afb10
Event: 0.037 loading class 0x016afb10 done
Event: 0.037 loading class 0x016afb40
Event: 0.037 loading class 0x016afb40 done
Event: 0.037 loading class 0x016a8750 done


Dynamic libraries:
0x012a0000 - 0x012cf000 	C:\Program Files\Java\jre7\bin\javaw.exe
0x77a80000 - 0x77bbc000 	C:\Windows\SYSTEM32\ntdll.dll
0x767e0000 - 0x768b4000 	C:\Windows\system32\kernel32.dll
0x75da0000 - 0x75deb000 	C:\Windows\system32\KERNELBASE.dll
0x76d90000 - 0x76e30000 	C:\Windows\system32\ADVAPI32.dll
0x761d0000 - 0x7627c000 	C:\Windows\system32\msvcrt.dll
0x76280000 - 0x76299000 	C:\Windows\SYSTEM32\sechost.dll
0x76330000 - 0x763d1000 	C:\Windows\system32\RPCRT4.dll
0x76bf0000 - 0x76cb9000 	C:\Windows\system32\USER32.dll
0x77c40000 - 0x77c8e000 	C:\Windows\system32\GDI32.dll
0x77bc0000 - 0x77bca000 	C:\Windows\system32\LPK.dll
0x760b0000 - 0x7614d000 	C:\Windows\system32\USP10.dll
0x748d0000 - 0x74a6e000 	C:\Windows\WinSxS\x86_microsoft.windows.common-controls_6595b64144ccf1df_6.0.7601.17514_none_41e6975e2bd6f2b2\COMCTL32.dll
0x768c0000 - 0x76917000 	C:\Windows\system32\SHLWAPI.dll
0x77c20000 - 0x77c3f000 	C:\Windows\system32\IMM32.DLL
0x76cc0000 - 0x76d8c000 	C:\Windows\system32\MSCTF.dll
0x69460000 - 0x6951f000 	C:\Program Files\Java\jre7\bin\msvcr100.dll
0x64350000 - 0x646d9000 	C:\Program Files\Java\jre7\bin\client\jvm.dll
0x72ed0000 - 0x72ed7000 	C:\Windows\system32\WSOCK32.dll
0x76a80000 - 0x76ab5000 	C:\Windows\system32\WS2_32.dll
0x77c90000 - 0x77c96000 	C:\Windows\system32\NSI.dll
0x73060000 - 0x73092000 	C:\Windows\system32\WINMM.dll
0x77ca0000 - 0x77ca5000 	C:\Windows\system32\PSAPI.DLL
0x6a090000 - 0x6a09c000 	C:\Program Files\Java\jre7\bin\verify.dll
0x69b50000 - 0x69b70000 	C:\Program Files\Java\jre7\bin\java.dll
0x69be0000 - 0x69bf3000 	C:\Program Files\Java\jre7\bin\zip.dll
0x6fa10000 - 0x6fafb000 	C:\Windows\system32\dbghelp.dll

VM Arguments:
jvm_args: -Dfile.encoding=Cp1251 -Xbootclasspath:C:\program\android\platforms\android-15\android.jar 
java_command: com.example.digitalclock.gisFromSite
Launcher Type: SUN_STANDARD

Environment Variables:
PATH=C:/Program Files/Java/jre1.8.0_31/bin/client;C:/Program Files/Java/jre1.8.0_31/bin;C:/Program Files/Java/jre1.8.0_31/lib/i386;C:\ProgramData\Oracle\Java\javapath;C:\Windows\system32;C:\Windows;C:\Windows\System32\Wbem;C:\Windows\System32\WindowsPowerShell\v1.0\;C:\Program Files\Nmap;C:\eclipse;
USERNAME=Андрей
OS=Windows_NT
PROCESSOR_IDENTIFIER=x86 Family 6 Model 28 Stepping 10, GenuineIntel



---------------  S Y S T E M  ---------------

OS: Windows 7 Build 7601 Service Pack 1

CPU:total 4 (2 cores per cpu, 2 threads per core) family 6 model 28 stepping 10, cmov, cx8, fxsr, mmx, sse, sse2, sse3, ssse3, ht, tsc

Memory: 4k page, physical 2087032k(695776k free), swap 4174064k(2776396k free)

vm_info: Java HotSpot(TM) Client VM (24.76-b04) for windows-x86 JRE (1.7.0_76-b13), built on Dec 18 2014 17:07:28 by "java_re" with unknown MS VC++:1600

time: Fri Apr 17 18:32:02 2015
elapsed time: 0 seconds

