#
# A fatal error has been detected by the Java Runtime Environment:
#
#  Internal Error (javaClasses.cpp:137), pid=6028, tid=1460
#  fatal error: Invalid layout of preloaded class
#
# JRE version:  (7.0_80-b15) (build )
# Java VM: Java HotSpot(TM) Client VM (24.80-b11 mixed mode windows-x86 )
# Failed to write core dump. Minidumps are not enabled by default on client versions of Windows
#
# If you would like to submit a bug report, please visit:
#   http://bugreport.java.com/bugreport/crash.jsp
#

---------------  T H R E A D  ---------------

Current thread (0x015eb800):  JavaThread "Unknown thread" [_thread_in_vm, id=1460, stack(0x00460000,0x004b0000)]

Stack: [0x00460000,0x004b0000],  sp=0x004af6b4,  free space=317k
Native frames: (J=compiled Java code, j=interpreted, Vv=VM code, C=native code)
V  [jvm.dll+0x192384]
V  [jvm.dll+0x18b9f6]
V  [jvm.dll+0x35b90]
V  [jvm.dll+0x35c16]
V  [jvm.dll+0x4464d]
V  [jvm.dll+0x4490e]
V  [jvm.dll+0x93a4a]
V  [jvm.dll+0x93dfb]
V  [jvm.dll+0x141361]
V  [jvm.dll+0x163e1c]
V  [jvm.dll+0xcaaaf]
C  [javaw.exe+0x13ce]
C  [javaw.exe+0x1e40]
C  [javaw.exe+0xa6d1]
C  [javaw.exe+0xa75b]
C  [kernel32.dll+0x4ee1c]
C  [ntdll.dll+0x63a03]
C  [ntdll.dll+0x639d6]


---------------  P R O C E S S  ---------------

Java Threads: ( => current thread )

Other Threads:

=>0x015eb800 (exited) JavaThread "Unknown thread" [_thread_in_vm, id=1460, stack(0x00460000,0x004b0000)]

VM state:not at safepoint (not fully initialized)

VM Mutex/Monitor currently owned by a thread: None

GC Heap History (0 events):
No events

Deoptimization events (0 events):
No events

Internal exceptions (0 events):
No events

Events (10 events):
Event: 0.013 loading class 0x014c8db8 done
Event: 0.013 loading class 0x014c8828 done
Event: 0.013 loading class 0x014c8808
Event: 0.013 loading class 0x014cfb98
Event: 0.013 loading class 0x014cfb98 done
Event: 0.013 loading class 0x014cfbc8
Event: 0.013 loading class 0x014cfbc8 done
Event: 0.013 loading class 0x014cfbf8
Event: 0.013 loading class 0x014cfbf8 done
Event: 0.013 loading class 0x014c8808 done


Dynamic libraries:
0x00860000 - 0x0088f000 	C:\Program Files\Java\jre7\bin\javaw.exe
0x77ad0000 - 0x77c11000 	C:\Windows\SYSTEM32\ntdll.dll
0x76b20000 - 0x76bf4000 	C:\Windows\system32\kernel32.dll
0x75c80000 - 0x75ccb000 	C:\Windows\system32\KERNELBASE.dll
0x76c00000 - 0x76ca1000 	C:\Windows\system32\ADVAPI32.dll
0x764f0000 - 0x7659c000 	C:\Windows\system32\msvcrt.dll
0x768b0000 - 0x768c9000 	C:\Windows\SYSTEM32\sechost.dll
0x76120000 - 0x761c2000 	C:\Windows\system32\RPCRT4.dll
0x76020000 - 0x760e9000 	C:\Windows\system32\USER32.dll
0x77cd0000 - 0x77d1e000 	C:\Windows\system32\GDI32.dll
0x768a0000 - 0x768aa000 	C:\Windows\system32\LPK.dll
0x76340000 - 0x763dd000 	C:\Windows\system32\USP10.dll
0x74e50000 - 0x74fee000 	C:\Windows\WinSxS\x86_microsoft.windows.common-controls_6595b64144ccf1df_6.0.7601.18807_none_41e554362bd82458\COMCTL32.dll
0x76490000 - 0x764e7000 	C:\Windows\system32\SHLWAPI.dll
0x77c20000 - 0x77c3f000 	C:\Windows\system32\IMM32.DLL
0x761d0000 - 0x7629c000 	C:\Windows\system32\MSCTF.dll
0x680b0000 - 0x6816f000 	C:\Program Files\Java\jre7\bin\msvcr100.dll
0x70f50000 - 0x712db000 	C:\Program Files\Java\jre7\bin\client\jvm.dll
0x699f0000 - 0x699f7000 	C:\Windows\system32\WSOCK32.dll
0x75fe0000 - 0x76015000 	C:\Windows\system32\WS2_32.dll
0x75df0000 - 0x75df6000 	C:\Windows\system32\NSI.dll
0x72da0000 - 0x72dd2000 	C:\Windows\system32\WINMM.dll
0x76b10000 - 0x76b15000 	C:\Windows\system32\PSAPI.DLL
0x71830000 - 0x7183c000 	C:\Program Files\Java\jre7\bin\verify.dll
0x71800000 - 0x71821000 	C:\Program Files\Java\jre7\bin\java.dll
0x717e0000 - 0x717f3000 	C:\Program Files\Java\jre7\bin\zip.dll
0x683d0000 - 0x684bb000 	C:\Windows\system32\dbghelp.dll

VM Arguments:
jvm_args: -Dfile.encoding=Cp1251 -Xbootclasspath:E:\Program\Android\android-sdk\platforms\android-15\android.jar 
java_command: com.example.digitalclock.gisFromSite
Launcher Type: SUN_STANDARD

Environment Variables:
PATH=C:/Program Files/Java/jre7/bin/client;C:/Program Files/Java/jre7/bin;C:/Program Files/Java/jre7/lib/i386;C:\Windows\system32;C:\Windows;C:\Windows\System32\Wbem;C:\Windows\System32\WindowsPowerShell\v1.0\;C:\Program Files\ATI Technologies\ATI.ACE\Core-Static;c:\php\;C:\Program Files\TortoiseSVN\bin;C:\Program Files\GNU\GnuPG\pub;C:\Program Files\Nmap;C:\eclipse;
USERNAME=¿‰Ï
OS=Windows_NT
PROCESSOR_IDENTIFIER=x86 Family 18 Model 1 Stepping 0, AuthenticAMD



---------------  S Y S T E M  ---------------

OS: Windows 7 Build 7601 Service Pack 1

CPU:total 4 (4 cores per cpu, 1 threads per core) family 18 model 1 stepping 0, cmov, cx8, fxsr, mmx, sse, sse2, sse3, popcnt, mmxext, 3dnowpref, lzcnt, sse4a, tsc, tscinvbit, tscinv

Memory: 4k page, physical 3405048k(850616k free), swap 6808368k(4434960k free)

vm_info: Java HotSpot(TM) Client VM (24.80-b11) for windows-x86 JRE (1.7.0_80-b15), built on Apr 10 2015 13:33:35 by "java_re" with unknown MS VC++:1600

time: Wed May 20 16:11:58 2015
elapsed time: 0 seconds

