#
# A fatal error has been detected by the Java Runtime Environment:
#
#  Internal Error (javaClasses.cpp:137), pid=9280, tid=9028
#  fatal error: Invalid layout of preloaded class
#
# JRE version:  (7.0_80-b15) (build )
# Java VM: Java HotSpot(TM) Client VM (24.80-b11 mixed mode windows-x86 )
# Failed to write core dump. Minidumps are not enabled by default on client versions of Windows
#
# If you would like to submit a bug report, please visit:
#   http://bugreport.java.com/bugreport/crash.jsp
#

---------------  T H R E A D  ---------------

Current thread (0x005eb800):  JavaThread "Unknown thread" [_thread_in_vm, id=9028, stack(0x00b60000,0x00bb0000)]

Stack: [0x00b60000,0x00bb0000],  sp=0x00baf408,  free space=317k
Native frames: (J=compiled Java code, j=interpreted, Vv=VM code, C=native code)
V  [jvm.dll+0x192384]
V  [jvm.dll+0x18b9f6]
V  [jvm.dll+0x35b90]
V  [jvm.dll+0x35c16]
V  [jvm.dll+0x4464d]
V  [jvm.dll+0x4490e]
V  [jvm.dll+0x93a4a]
V  [jvm.dll+0x93dfb]
V  [jvm.dll+0x141361]
V  [jvm.dll+0x163e1c]
V  [jvm.dll+0xcaaaf]
C  [javaw.exe+0x13ce]
C  [javaw.exe+0x1e40]
C  [javaw.exe+0xa6d1]
C  [javaw.exe+0xa75b]
C  [kernel32.dll+0x4ee1c]
C  [ntdll.dll+0x63a03]
C  [ntdll.dll+0x639d6]


---------------  P R O C E S S  ---------------

Java Threads: ( => current thread )

Other Threads:

=>0x005eb800 (exited) JavaThread "Unknown thread" [_thread_in_vm, id=9028, stack(0x00b60000,0x00bb0000)]

VM state:not at safepoint (not fully initialized)

VM Mutex/Monitor currently owned by a thread: None

GC Heap History (0 events):
No events

Deoptimization events (0 events):
No events

Internal exceptions (0 events):
No events

Events (10 events):
Event: 0.009 loading class 0x00a28df0 done
Event: 0.009 loading class 0x00a28860 done
Event: 0.009 loading class 0x00a28840
Event: 0.009 loading class 0x00a2fbd0
Event: 0.009 loading class 0x00a2fbd0 done
Event: 0.009 loading class 0x00a2fc00
Event: 0.009 loading class 0x00a2fc00 done
Event: 0.009 loading class 0x00a2fc30
Event: 0.009 loading class 0x00a2fc30 done
Event: 0.009 loading class 0x00a28840 done


Dynamic libraries:
0x00e60000 - 0x00e8f000 	C:\Program Files\Java\jre7\bin\javaw.exe
0x76ec0000 - 0x77001000 	C:\Windows\SYSTEM32\ntdll.dll
0x768e0000 - 0x769b4000 	C:\Windows\system32\kernel32.dll
0x75000000 - 0x7504b000 	C:\Windows\system32\KERNELBASE.dll
0x76300000 - 0x763a1000 	C:\Windows\system32\ADVAPI32.dll
0x77060000 - 0x7710c000 	C:\Windows\system32\msvcrt.dll
0x77040000 - 0x77059000 	C:\Windows\SYSTEM32\sechost.dll
0x751e0000 - 0x75282000 	C:\Windows\system32\RPCRT4.dll
0x769d0000 - 0x76a99000 	C:\Windows\system32\USER32.dll
0x76120000 - 0x7616e000 	C:\Windows\system32\GDI32.dll
0x76c20000 - 0x76c2a000 	C:\Windows\system32\LPK.dll
0x76b80000 - 0x76c1d000 	C:\Windows\system32\USP10.dll
0x74250000 - 0x743ee000 	C:\Windows\WinSxS\x86_microsoft.windows.common-controls_6595b64144ccf1df_6.0.7601.18807_none_41e554362bd82458\COMCTL32.dll
0x76e60000 - 0x76eb7000 	C:\Windows\system32\SHLWAPI.dll
0x77010000 - 0x7702f000 	C:\Windows\system32\IMM32.DLL
0x76d90000 - 0x76e5c000 	C:\Windows\system32\MSCTF.dll
0x69480000 - 0x6953f000 	C:\Program Files\Java\jre7\bin\msvcr100.dll
0x64040000 - 0x643cb000 	C:\Program Files\Java\jre7\bin\client\jvm.dll
0x684a0000 - 0x684a7000 	C:\Windows\system32\WSOCK32.dll
0x762c0000 - 0x762f5000 	C:\Windows\system32\WS2_32.dll
0x768d0000 - 0x768d6000 	C:\Windows\system32\NSI.dll
0x72200000 - 0x72232000 	C:\Windows\system32\WINMM.dll
0x77030000 - 0x77035000 	C:\Windows\system32\PSAPI.DLL
0x71db0000 - 0x71dbc000 	C:\Program Files\Java\jre7\bin\verify.dll
0x6e9c0000 - 0x6e9e1000 	C:\Program Files\Java\jre7\bin\java.dll
0x71930000 - 0x71943000 	C:\Program Files\Java\jre7\bin\zip.dll
0x680b0000 - 0x6819b000 	C:\Windows\system32\dbghelp.dll

VM Arguments:
jvm_args: -Dfile.encoding=Cp1251 -Xbootclasspath:E:\Program\Android\android-sdk\platforms\android-15\android.jar 
java_command: com.example.digitalclock.gisFromSite
Launcher Type: SUN_STANDARD

Environment Variables:
PATH=C:/Program Files/Java/jre7/bin/client;C:/Program Files/Java/jre7/bin;C:/Program Files/Java/jre7/lib/i386;C:\Windows\system32;C:\Windows;C:\Windows\System32\Wbem;C:\Windows\System32\WindowsPowerShell\v1.0\;C:\Program Files\ATI Technologies\ATI.ACE\Core-Static;c:\php\;C:\Program Files\TortoiseSVN\bin;C:\Program Files\GNU\GnuPG\pub;C:\Program Files\Nmap;C:\eclipse;
USERNAME=¿‰Ï
OS=Windows_NT
PROCESSOR_IDENTIFIER=x86 Family 18 Model 1 Stepping 0, AuthenticAMD



---------------  S Y S T E M  ---------------

OS: Windows 7 Build 7601 Service Pack 1

CPU:total 4 (4 cores per cpu, 1 threads per core) family 18 model 1 stepping 0, cmov, cx8, fxsr, mmx, sse, sse2, sse3, popcnt, mmxext, 3dnowpref, lzcnt, sse4a, tsc, tscinvbit, tscinv

Memory: 4k page, physical 3405048k(1155244k free), swap 6808368k(4171800k free)

vm_info: Java HotSpot(TM) Client VM (24.80-b11) for windows-x86 JRE (1.7.0_80-b15), built on Apr 10 2015 13:33:35 by "java_re" with unknown MS VC++:1600

time: Wed May 20 16:06:34 2015
elapsed time: 0 seconds

